<?xml version="1.0" encoding="UTF-8"?>
<!-- Generated by org.testng.reporters.JUnitReportReporter -->
<testsuite skipped="0" hostname="Tekno-LAPTOP-20" name="SignInTest" tests="1" failures="0" timestamp="04 Apr 2018 13:54:53 GMT" time="60.355" errors="0">
  <testcase name="shouldThrowAnErrorIfSignInDetailsAreMissing" time="60.355" classname="SignInTest"/>
</testsuite> <!-- SignInTest -->
