<?xml version="1.0" encoding="UTF-8"?>
<!-- Generated by org.testng.reporters.JUnitReportReporter -->
<testsuite skipped="0" hostname="Teknotrait" name="FlightBookingTest" tests="1" failures="0" timestamp="04 Apr 2018 17:27:41 GMT" time="25.133" errors="0">
  <testcase name="testThatResultsAppearForAOneWayJourney" time="25.133" classname="FlightBookingTest"/>
</testsuite> <!-- FlightBookingTest -->
