<?xml version="1.0" encoding="UTF-8"?>
<!-- Generated by org.testng.reporters.JUnitReportReporter -->
<testsuite skipped="0" hostname="Teknotrait" name="HotelBookingTest" tests="1" failures="0" timestamp="04 Apr 2018 17:14:39 GMT" time="37.254" errors="0">
  <testcase name="shouldBeAbleToSearchForHotels" time="37.254" classname="HotelBookingTest"/>
</testsuite> <!-- HotelBookingTest -->
